intelIFC
PROCESSING archive/src:
intelIFC
Make worked: hycomarchv
Make worked: micomarchv
Make worked: conv_archv
Make worked: hybgen_archv
Make worked: mrgl_archv
Make worked: ncoda_archv
Make worked: ncoda_archv_inc
Make worked: remap_archv
Make worked: remapi_archv
Make worked: trim_archv
Make worked: archt2archv
Make worked: archv2data2d
Make worked: archm2data2d
Make worked: archv2data2t
Make worked: archv2data3z
Make worked: archm2data3z
Make worked: archv2datasf
Make worked: archv2datasfl
Make worked: archv2datasfz
Make worked: archv2ncombc
Make worked: archv2restart
Make worked: archm2restart
Make worked: field2data
Make worked: restart2archv
PROCESSING force/src:
intelIFC
Make worked: ap
Make worked: diff
Make worked: kp
Make worked: kpc
Make worked: kphfc
Make worked: pzero
Make worked: riv_mon
Make worked: riv_hf
Make worked: time_interp
Make worked: tp
Make worked: wi
Make worked: wi_curl
Make worked: wi_magstress
Make worked: wi_meanfit
Make worked: wc
Make worked: zero
Make worked: aphf_add
Make worked: aphf_climo
Make worked: aphf_diurnal
Make worked: aphf_extend
Make worked: aphf_flcorr
Make worked: aphf_meanfit
Make worked: aphf_monthly
Make worked: aphf_offset
Make worked: aphf_scale
Make worked: aphf_tacorr
Make worked: kphf_table
PROCESSING meanstd/src:
intelIFC
Make worked: hycom_mean
Make worked: hycom_std
Make worked: hycom_diff
Make worked: hycom_wsum
Make worked: hesmf_mean
Make worked: hesmf_std
PROCESSING plot/src:
intelIFC
Make worked: hycomproc
Make worked: micomproc
Make worked: fieldproc
Make worked: fieldcell
Make worked: hp_meta
Make worked: hp_psp
Make worked: hp_psl
Make worked: hp_x11
Make worked: mp_meta
Make worked: mp_psp
Make worked: mp_psl
Make worked: mp_x11
Make worked: fp_meta
Make worked: fp_psp
Make worked: fp_psl
Make worked: fp_x11
Make worked: fc_meta
Make worked: fc_psp
Make worked: fc_psl
Make worked: fc_x11
PROCESSING relax/src:
intelIFC
Make worked: iso_density
Make worked: relax_flat_rivers
Make worked: relax_tracer
Make worked: relaxi
Make worked: relaxv
Make worked: rmu
Make worked: rmu2
Make worked: tracer_const
Make worked: z_archive
Make worked: z_const
Make worked: z_levitus
Make worked: z_medatlas
Make worked: z_modify
Make worked: sst_pf
Make worked: sst_pf_4km
Make worked: z_woa_dynamic
Make worked: relaxi_archvz
Make worked: nemo_archvz
PROCESSING sample/src:
intelIFC
Make worked: baro_vel
Make worked: transport
Make worked: transport2
Make worked: transport3
Make worked: transp_mn
Make worked: transp_mn2
Make worked: transp_mn3
Make worked: transp_mn_2p0
Make worked: meantspt
Make worked: mergetspt
PROCESSING subregion/src:
intelIFC
Make failed: sub_topog
Make failed: sub_topog_panam
Make failed: subregion
Make failed: isub_topog
Make worked: isubregion
Make worked: isuba_arche
Make worked: isuba_field
Make worked: isuba_gmapi
Make worked: isuba_topog
Make worked: isubaregion
Make worked: half_topog
Make worked: sub_grid
PROCESSING topo/src:
intelIFC
Make worked: malt2h
Make worked: m2h
Make worked: p2h
Make worked: bathy_02min
Make worked: bathy_05min
Make worked: hudson
Make worked: landsea_02min
Make worked: landsea_05min
Make worked: 1d
Make worked: 2d
Make worked: batrop
Make worked: clip
Make worked: diff
Make worked: edit
Make worked: flat
Make worked: grid_360
Make worked: hgram
Make worked: landfill
Make worked: landmask
Make worked: latitude
Make worked: lonlat
Make worked: lonlat_2d
Make worked: lpanam
Make worked: map
Make worked: mapsub
Make worked: mercator
Make worked: merge
Make worked: modify
Make worked: onesea
Make worked: onesea-b
Make worked: onesea_fill
Make worked: panam
Make worked: partit
Make worked: partit_noshrink
Make worked: partit_arctic
Make worked: partit_arctic_ns
Make worked: ppmX
Make worked: ports
Make worked: rotated
Make worked: rough
Make worked: shrink
Make worked: slope
Make worked: smallsea
Make worked: smooth
Make worked: smooth_skip
Make worked: subset
Make worked: tiles
Make worked: zcells
Make worked: zthin
PROCESSING bin:
setenv OS `uname`
uname
if ( Linux == Linux ) then
if ( `/bin/uname -m` == x86_64 ) then
/bin/uname -m
setenv OS Linux64
endif
endif
if ( Linux64 == UNICOS/mp ) then
switch ( Linux64 )
setenv FC pgf90
setenv FFLAGS -g -fast -byteswapio -tp k8-64 -mcmodel=medium -Mnolarge_arrays
setenv FLIBS 
setenv CC gcc
setenv CFLAGS -O -march=k8 -m64 -mcmodel=medium
breaksw
foreach f ( echo2 endian )
if ( ! -e echo2_Linux64 ) then
gcc -O -march=k8 -m64 -mcmodel=medium echo2.c -o echo2_Linux64
echo2.c:7:1: warning: return type defaults to ‘int’ [-Wimplicit-int]
 main(argc,argv)
 ^~~~
echo2.c: In function ‘main’:
echo2.c:13:6: warning: implicit declaration of function ‘strcmp’ [-Wimplicit-function-declaration]
  if (strcmp(argv[1],"-n") == 0) {
      ^~~~~~
else if ( -f `find ${f}.c -prune -newer ${f}_${OS}` ) then
touch echo2
/bin/rm -f echo2
chmod a+rx echo2_Linux64
/bin/ln -s echo2_Linux64 echo2
end
if ( ! -e endian_Linux64 ) then
gcc -O -march=k8 -m64 -mcmodel=medium endian.c -o endian_Linux64
else if ( -f `find ${f}.c -prune -newer ${f}_${OS}` ) then
touch endian
/bin/rm -f endian
chmod a+rx endian_Linux64
/bin/ln -s endian_Linux64 endian
end
foreach f ( clim_stat wind_stat wind_stat_check wind_stat_range wind_stat_range2 wind_stat_range5 wind_stat_raw hycom_sigma )
if ( ! -e clim_stat_Linux64 ) then
pgf90 -g -fast -byteswapio -tp k8-64 -mcmodel=medium -Mnolarge_arrays clim_stat.f -o clim_stat_Linux64
pgf90: Command not found.
else if ( -f `find ${f}.f -prune -newer ${f}_${OS}` ) then
end
if ( ! -e wind_stat_Linux64 ) then
pgf90 -g -fast -byteswapio -tp k8-64 -mcmodel=medium -Mnolarge_arrays wind_stat.f -o wind_stat_Linux64
pgf90: Command not found.
else if ( -f `find ${f}.f -prune -newer ${f}_${OS}` ) then
end
if ( ! -e wind_stat_check_Linux64 ) then
pgf90 -g -fast -byteswapio -tp k8-64 -mcmodel=medium -Mnolarge_arrays wind_stat_check.f -o wind_stat_check_Linux64
pgf90: Command not found.
else if ( -f `find ${f}.f -prune -newer ${f}_${OS}` ) then
end
if ( ! -e wind_stat_range_Linux64 ) then
pgf90 -g -fast -byteswapio -tp k8-64 -mcmodel=medium -Mnolarge_arrays wind_stat_range.f -o wind_stat_range_Linux64
pgf90: Command not found.
else if ( -f `find ${f}.f -prune -newer ${f}_${OS}` ) then
end
if ( ! -e wind_stat_range2_Linux64 ) then
pgf90 -g -fast -byteswapio -tp k8-64 -mcmodel=medium -Mnolarge_arrays wind_stat_range2.f -o wind_stat_range2_Linux64
pgf90: Command not found.
else if ( -f `find ${f}.f -prune -newer ${f}_${OS}` ) then
end
if ( ! -e wind_stat_range5_Linux64 ) then
pgf90 -g -fast -byteswapio -tp k8-64 -mcmodel=medium -Mnolarge_arrays wind_stat_range5.f -o wind_stat_range5_Linux64
pgf90: Command not found.
else if ( -f `find ${f}.f -prune -newer ${f}_${OS}` ) then
end
if ( ! -e wind_stat_raw_Linux64 ) then
pgf90 -g -fast -byteswapio -tp k8-64 -mcmodel=medium -Mnolarge_arrays wind_stat_raw.f -o wind_stat_raw_Linux64
pgf90: Command not found.
else if ( -f `find ${f}.f -prune -newer ${f}_${OS}` ) then
end
if ( ! -e hycom_sigma_Linux64 ) then
pgf90 -g -fast -byteswapio -tp k8-64 -mcmodel=medium -Mnolarge_arrays hycom_sigma.f -o hycom_sigma_Linux64
pgf90: Command not found.
else if ( -f `find ${f}.f -prune -newer ${f}_${OS}` ) then
end
foreach f ( cice_restart cice_stat hycom_palette lonlat_dist hycom_alat hycom_archm_dates hycom_archv_dates hycom_depth hycom_depth_40 hycom_nest_dates hycom_profile+sig hycom_profile+thstar hycom_profile2pcm hycom_profile2z hycom_profile2zi hycom_profile_argo hycom_profile_hybgen+ hycom_profile_hybgen hycom_profile_locsig hycom_profile_mld hycom_profile_remap hycom_sigma hycom_ts hycom_wind_date hycom_wind_ymdh hycom_ymdh_wind hycom_yoflat sigma0_to_sigma2 sigma2_to_sigma0 ts_to_sigma z2zi zi2z hycom_date_wind hycom_profile2plm hycom_profile_hybgen_34 hycom_profile_hybgen_35 hycom_subset_xy hycom_dp0k hycom_dp0k_cm hycom_dp0k_sigma )
if ( ! -e cice_restart_Linux64 ) then
pgf90 -g -fast -byteswapio -tp k8-64 -mcmodel=medium -Mnolarge_arrays cice_restart.f -o cice_restart_Linux64
pgf90: Command not found.
else if ( -f `find ${f}.f -prune -newer ${f}_${OS}` ) then
touch cice_restart
/bin/rm -f cice_restart
chmod a+rx cice_restart_Linux64
chmod: cannot access ‘cice_restart_Linux64’: No such file or directory
/bin/ln -s cice_restart_Linux64 cice_restart
end
if ( ! -e cice_stat_Linux64 ) then
pgf90 -g -fast -byteswapio -tp k8-64 -mcmodel=medium -Mnolarge_arrays cice_stat.f -o cice_stat_Linux64
pgf90: Command not found.
else if ( -f `find ${f}.f -prune -newer ${f}_${OS}` ) then
touch cice_stat
/bin/rm -f cice_stat
chmod a+rx cice_stat_Linux64
chmod: cannot access ‘cice_stat_Linux64’: No such file or directory
/bin/ln -s cice_stat_Linux64 cice_stat
end
if ( ! -e hycom_palette_Linux64 ) then
pgf90 -g -fast -byteswapio -tp k8-64 -mcmodel=medium -Mnolarge_arrays hycom_palette.f -o hycom_palette_Linux64
pgf90: Command not found.
else if ( -f `find ${f}.f -prune -newer ${f}_${OS}` ) then
touch hycom_palette
/bin/rm -f hycom_palette
chmod a+rx hycom_palette_Linux64
chmod: cannot access ‘hycom_palette_Linux64’: No such file or directory
/bin/ln -s hycom_palette_Linux64 hycom_palette
end
if ( ! -e lonlat_dist_Linux64 ) then
pgf90 -g -fast -byteswapio -tp k8-64 -mcmodel=medium -Mnolarge_arrays lonlat_dist.f -o lonlat_dist_Linux64
pgf90: Command not found.
else if ( -f `find ${f}.f -prune -newer ${f}_${OS}` ) then
touch lonlat_dist
/bin/rm -f lonlat_dist
chmod a+rx lonlat_dist_Linux64
chmod: cannot access ‘lonlat_dist_Linux64’: No such file or directory
/bin/ln -s lonlat_dist_Linux64 lonlat_dist
end
if ( ! -e hycom_alat_Linux64 ) then
pgf90 -g -fast -byteswapio -tp k8-64 -mcmodel=medium -Mnolarge_arrays hycom_alat.f -o hycom_alat_Linux64
pgf90: Command not found.
else if ( -f `find ${f}.f -prune -newer ${f}_${OS}` ) then
touch hycom_alat
/bin/rm -f hycom_alat
chmod a+rx hycom_alat_Linux64
chmod: cannot access ‘hycom_alat_Linux64’: No such file or directory
/bin/ln -s hycom_alat_Linux64 hycom_alat
end
if ( ! -e hycom_archm_dates_Linux64 ) then
pgf90 -g -fast -byteswapio -tp k8-64 -mcmodel=medium -Mnolarge_arrays hycom_archm_dates.f -o hycom_archm_dates_Linux64
pgf90: Command not found.
else if ( -f `find ${f}.f -prune -newer ${f}_${OS}` ) then
touch hycom_archm_dates
/bin/rm -f hycom_archm_dates
chmod a+rx hycom_archm_dates_Linux64
chmod: cannot access ‘hycom_archm_dates_Linux64’: No such file or directory
/bin/ln -s hycom_archm_dates_Linux64 hycom_archm_dates
end
if ( ! -e hycom_archv_dates_Linux64 ) then
pgf90 -g -fast -byteswapio -tp k8-64 -mcmodel=medium -Mnolarge_arrays hycom_archv_dates.f -o hycom_archv_dates_Linux64
pgf90: Command not found.
else if ( -f `find ${f}.f -prune -newer ${f}_${OS}` ) then
touch hycom_archv_dates
/bin/rm -f hycom_archv_dates
chmod a+rx hycom_archv_dates_Linux64
chmod: cannot access ‘hycom_archv_dates_Linux64’: No such file or directory
/bin/ln -s hycom_archv_dates_Linux64 hycom_archv_dates
end
if ( ! -e hycom_depth_Linux64 ) then
pgf90 -g -fast -byteswapio -tp k8-64 -mcmodel=medium -Mnolarge_arrays hycom_depth.f -o hycom_depth_Linux64
pgf90: Command not found.
else if ( -f `find ${f}.f -prune -newer ${f}_${OS}` ) then
touch hycom_depth
/bin/rm -f hycom_depth
chmod a+rx hycom_depth_Linux64
chmod: cannot access ‘hycom_depth_Linux64’: No such file or directory
/bin/ln -s hycom_depth_Linux64 hycom_depth
end
if ( ! -e hycom_depth_40_Linux64 ) then
pgf90 -g -fast -byteswapio -tp k8-64 -mcmodel=medium -Mnolarge_arrays hycom_depth_40.f -o hycom_depth_40_Linux64
pgf90: Command not found.
else if ( -f `find ${f}.f -prune -newer ${f}_${OS}` ) then
touch hycom_depth_40
/bin/rm -f hycom_depth_40
chmod a+rx hycom_depth_40_Linux64
chmod: cannot access ‘hycom_depth_40_Linux64’: No such file or directory
/bin/ln -s hycom_depth_40_Linux64 hycom_depth_40
end
if ( ! -e hycom_nest_dates_Linux64 ) then
pgf90 -g -fast -byteswapio -tp k8-64 -mcmodel=medium -Mnolarge_arrays hycom_nest_dates.f -o hycom_nest_dates_Linux64
pgf90: Command not found.
else if ( -f `find ${f}.f -prune -newer ${f}_${OS}` ) then
touch hycom_nest_dates
/bin/rm -f hycom_nest_dates
chmod a+rx hycom_nest_dates_Linux64
chmod: cannot access ‘hycom_nest_dates_Linux64’: No such file or directory
/bin/ln -s hycom_nest_dates_Linux64 hycom_nest_dates
end
if ( ! -e hycom_profile+sig_Linux64 ) then
pgf90 -g -fast -byteswapio -tp k8-64 -mcmodel=medium -Mnolarge_arrays hycom_profile+sig.f -o hycom_profile+sig_Linux64
pgf90: Command not found.
else if ( -f `find ${f}.f -prune -newer ${f}_${OS}` ) then
touch hycom_profile+sig
/bin/rm -f hycom_profile+sig
chmod a+rx hycom_profile+sig_Linux64
chmod: cannot access ‘hycom_profile+sig_Linux64’: No such file or directory
/bin/ln -s hycom_profile+sig_Linux64 hycom_profile+sig
end
if ( ! -e hycom_profile+thstar_Linux64 ) then
pgf90 -g -fast -byteswapio -tp k8-64 -mcmodel=medium -Mnolarge_arrays hycom_profile+thstar.f -o hycom_profile+thstar_Linux64
pgf90: Command not found.
else if ( -f `find ${f}.f -prune -newer ${f}_${OS}` ) then
touch hycom_profile+thstar
/bin/rm -f hycom_profile+thstar
chmod a+rx hycom_profile+thstar_Linux64
chmod: cannot access ‘hycom_profile+thstar_Linux64’: No such file or directory
/bin/ln -s hycom_profile+thstar_Linux64 hycom_profile+thstar
end
if ( ! -e hycom_profile2pcm_Linux64 ) then
pgf90 -g -fast -byteswapio -tp k8-64 -mcmodel=medium -Mnolarge_arrays hycom_profile2pcm.f -o hycom_profile2pcm_Linux64
pgf90: Command not found.
else if ( -f `find ${f}.f -prune -newer ${f}_${OS}` ) then
touch hycom_profile2pcm
/bin/rm -f hycom_profile2pcm
chmod a+rx hycom_profile2pcm_Linux64
chmod: cannot access ‘hycom_profile2pcm_Linux64’: No such file or directory
/bin/ln -s hycom_profile2pcm_Linux64 hycom_profile2pcm
end
if ( ! -e hycom_profile2z_Linux64 ) then
pgf90 -g -fast -byteswapio -tp k8-64 -mcmodel=medium -Mnolarge_arrays hycom_profile2z.f -o hycom_profile2z_Linux64
pgf90: Command not found.
else if ( -f `find ${f}.f -prune -newer ${f}_${OS}` ) then
touch hycom_profile2z
/bin/rm -f hycom_profile2z
chmod a+rx hycom_profile2z_Linux64
chmod: cannot access ‘hycom_profile2z_Linux64’: No such file or directory
/bin/ln -s hycom_profile2z_Linux64 hycom_profile2z
end
if ( ! -e hycom_profile2zi_Linux64 ) then
pgf90 -g -fast -byteswapio -tp k8-64 -mcmodel=medium -Mnolarge_arrays hycom_profile2zi.f -o hycom_profile2zi_Linux64
pgf90: Command not found.
else if ( -f `find ${f}.f -prune -newer ${f}_${OS}` ) then
touch hycom_profile2zi
/bin/rm -f hycom_profile2zi
chmod a+rx hycom_profile2zi_Linux64
chmod: cannot access ‘hycom_profile2zi_Linux64’: No such file or directory
/bin/ln -s hycom_profile2zi_Linux64 hycom_profile2zi
end
if ( ! -e hycom_profile_argo_Linux64 ) then
pgf90 -g -fast -byteswapio -tp k8-64 -mcmodel=medium -Mnolarge_arrays hycom_profile_argo.f -o hycom_profile_argo_Linux64
pgf90: Command not found.
else if ( -f `find ${f}.f -prune -newer ${f}_${OS}` ) then
touch hycom_profile_argo
/bin/rm -f hycom_profile_argo
chmod a+rx hycom_profile_argo_Linux64
chmod: cannot access ‘hycom_profile_argo_Linux64’: No such file or directory
/bin/ln -s hycom_profile_argo_Linux64 hycom_profile_argo
end
if ( ! -e hycom_profile_hybgen+_Linux64 ) then
pgf90 -g -fast -byteswapio -tp k8-64 -mcmodel=medium -Mnolarge_arrays hycom_profile_hybgen+.f -o hycom_profile_hybgen+_Linux64
pgf90: Command not found.
else if ( -f `find ${f}.f -prune -newer ${f}_${OS}` ) then
touch hycom_profile_hybgen+
/bin/rm -f hycom_profile_hybgen+
chmod a+rx hycom_profile_hybgen+_Linux64
chmod: cannot access ‘hycom_profile_hybgen+_Linux64’: No such file or directory
/bin/ln -s hycom_profile_hybgen+_Linux64 hycom_profile_hybgen+
end
if ( ! -e hycom_profile_hybgen_Linux64 ) then
pgf90 -g -fast -byteswapio -tp k8-64 -mcmodel=medium -Mnolarge_arrays hycom_profile_hybgen.f -o hycom_profile_hybgen_Linux64
pgf90: Command not found.
else if ( -f `find ${f}.f -prune -newer ${f}_${OS}` ) then
touch hycom_profile_hybgen
/bin/rm -f hycom_profile_hybgen
chmod a+rx hycom_profile_hybgen_Linux64
chmod: cannot access ‘hycom_profile_hybgen_Linux64’: No such file or directory
/bin/ln -s hycom_profile_hybgen_Linux64 hycom_profile_hybgen
end
if ( ! -e hycom_profile_locsig_Linux64 ) then
pgf90 -g -fast -byteswapio -tp k8-64 -mcmodel=medium -Mnolarge_arrays hycom_profile_locsig.f -o hycom_profile_locsig_Linux64
pgf90: Command not found.
else if ( -f `find ${f}.f -prune -newer ${f}_${OS}` ) then
touch hycom_profile_locsig
/bin/rm -f hycom_profile_locsig
chmod a+rx hycom_profile_locsig_Linux64
chmod: cannot access ‘hycom_profile_locsig_Linux64’: No such file or directory
/bin/ln -s hycom_profile_locsig_Linux64 hycom_profile_locsig
end
if ( ! -e hycom_profile_mld_Linux64 ) then
pgf90 -g -fast -byteswapio -tp k8-64 -mcmodel=medium -Mnolarge_arrays hycom_profile_mld.f -o hycom_profile_mld_Linux64
pgf90: Command not found.
else if ( -f `find ${f}.f -prune -newer ${f}_${OS}` ) then
touch hycom_profile_mld
/bin/rm -f hycom_profile_mld
chmod a+rx hycom_profile_mld_Linux64
chmod: cannot access ‘hycom_profile_mld_Linux64’: No such file or directory
/bin/ln -s hycom_profile_mld_Linux64 hycom_profile_mld
end
if ( ! -e hycom_profile_remap_Linux64 ) then
pgf90 -g -fast -byteswapio -tp k8-64 -mcmodel=medium -Mnolarge_arrays hycom_profile_remap.f -o hycom_profile_remap_Linux64
pgf90: Command not found.
else if ( -f `find ${f}.f -prune -newer ${f}_${OS}` ) then
touch hycom_profile_remap
/bin/rm -f hycom_profile_remap
chmod a+rx hycom_profile_remap_Linux64
chmod: cannot access ‘hycom_profile_remap_Linux64’: No such file or directory
/bin/ln -s hycom_profile_remap_Linux64 hycom_profile_remap
end
if ( ! -e hycom_sigma_Linux64 ) then
pgf90 -g -fast -byteswapio -tp k8-64 -mcmodel=medium -Mnolarge_arrays hycom_sigma.f -o hycom_sigma_Linux64
pgf90: Command not found.
else if ( -f `find ${f}.f -prune -newer ${f}_${OS}` ) then
touch hycom_sigma
/bin/rm -f hycom_sigma
chmod a+rx hycom_sigma_Linux64
chmod: cannot access ‘hycom_sigma_Linux64’: No such file or directory
/bin/ln -s hycom_sigma_Linux64 hycom_sigma
end
if ( ! -e hycom_ts_Linux64 ) then
pgf90 -g -fast -byteswapio -tp k8-64 -mcmodel=medium -Mnolarge_arrays hycom_ts.f -o hycom_ts_Linux64
pgf90: Command not found.
else if ( -f `find ${f}.f -prune -newer ${f}_${OS}` ) then
touch hycom_ts
/bin/rm -f hycom_ts
chmod a+rx hycom_ts_Linux64
chmod: cannot access ‘hycom_ts_Linux64’: No such file or directory
/bin/ln -s hycom_ts_Linux64 hycom_ts
end
if ( ! -e hycom_wind_date_Linux64 ) then
pgf90 -g -fast -byteswapio -tp k8-64 -mcmodel=medium -Mnolarge_arrays hycom_wind_date.f -o hycom_wind_date_Linux64
pgf90: Command not found.
else if ( -f `find ${f}.f -prune -newer ${f}_${OS}` ) then
touch hycom_wind_date
/bin/rm -f hycom_wind_date
chmod a+rx hycom_wind_date_Linux64
chmod: cannot access ‘hycom_wind_date_Linux64’: No such file or directory
/bin/ln -s hycom_wind_date_Linux64 hycom_wind_date
end
if ( ! -e hycom_wind_ymdh_Linux64 ) then
pgf90 -g -fast -byteswapio -tp k8-64 -mcmodel=medium -Mnolarge_arrays hycom_wind_ymdh.f -o hycom_wind_ymdh_Linux64
pgf90: Command not found.
else if ( -f `find ${f}.f -prune -newer ${f}_${OS}` ) then
touch hycom_wind_ymdh
/bin/rm -f hycom_wind_ymdh
chmod a+rx hycom_wind_ymdh_Linux64
chmod: cannot access ‘hycom_wind_ymdh_Linux64’: No such file or directory
/bin/ln -s hycom_wind_ymdh_Linux64 hycom_wind_ymdh
end
if ( ! -e hycom_ymdh_wind_Linux64 ) then
pgf90 -g -fast -byteswapio -tp k8-64 -mcmodel=medium -Mnolarge_arrays hycom_ymdh_wind.f -o hycom_ymdh_wind_Linux64
pgf90: Command not found.
else if ( -f `find ${f}.f -prune -newer ${f}_${OS}` ) then
touch hycom_ymdh_wind
/bin/rm -f hycom_ymdh_wind
chmod a+rx hycom_ymdh_wind_Linux64
chmod: cannot access ‘hycom_ymdh_wind_Linux64’: No such file or directory
/bin/ln -s hycom_ymdh_wind_Linux64 hycom_ymdh_wind
end
if ( ! -e hycom_yoflat_Linux64 ) then
pgf90 -g -fast -byteswapio -tp k8-64 -mcmodel=medium -Mnolarge_arrays hycom_yoflat.f -o hycom_yoflat_Linux64
pgf90: Command not found.
else if ( -f `find ${f}.f -prune -newer ${f}_${OS}` ) then
touch hycom_yoflat
/bin/rm -f hycom_yoflat
chmod a+rx hycom_yoflat_Linux64
chmod: cannot access ‘hycom_yoflat_Linux64’: No such file or directory
/bin/ln -s hycom_yoflat_Linux64 hycom_yoflat
end
if ( ! -e sigma0_to_sigma2_Linux64 ) then
pgf90 -g -fast -byteswapio -tp k8-64 -mcmodel=medium -Mnolarge_arrays sigma0_to_sigma2.f -o sigma0_to_sigma2_Linux64
pgf90: Command not found.
else if ( -f `find ${f}.f -prune -newer ${f}_${OS}` ) then
touch sigma0_to_sigma2
/bin/rm -f sigma0_to_sigma2
chmod a+rx sigma0_to_sigma2_Linux64
chmod: cannot access ‘sigma0_to_sigma2_Linux64’: No such file or directory
/bin/ln -s sigma0_to_sigma2_Linux64 sigma0_to_sigma2
end
if ( ! -e sigma2_to_sigma0_Linux64 ) then
pgf90 -g -fast -byteswapio -tp k8-64 -mcmodel=medium -Mnolarge_arrays sigma2_to_sigma0.f -o sigma2_to_sigma0_Linux64
pgf90: Command not found.
else if ( -f `find ${f}.f -prune -newer ${f}_${OS}` ) then
touch sigma2_to_sigma0
/bin/rm -f sigma2_to_sigma0
chmod a+rx sigma2_to_sigma0_Linux64
chmod: cannot access ‘sigma2_to_sigma0_Linux64’: No such file or directory
/bin/ln -s sigma2_to_sigma0_Linux64 sigma2_to_sigma0
end
if ( ! -e ts_to_sigma_Linux64 ) then
pgf90 -g -fast -byteswapio -tp k8-64 -mcmodel=medium -Mnolarge_arrays ts_to_sigma.f -o ts_to_sigma_Linux64
pgf90: Command not found.
else if ( -f `find ${f}.f -prune -newer ${f}_${OS}` ) then
touch ts_to_sigma
/bin/rm -f ts_to_sigma
chmod a+rx ts_to_sigma_Linux64
chmod: cannot access ‘ts_to_sigma_Linux64’: No such file or directory
/bin/ln -s ts_to_sigma_Linux64 ts_to_sigma
end
if ( ! -e z2zi_Linux64 ) then
pgf90 -g -fast -byteswapio -tp k8-64 -mcmodel=medium -Mnolarge_arrays z2zi.f -o z2zi_Linux64
pgf90: Command not found.
else if ( -f `find ${f}.f -prune -newer ${f}_${OS}` ) then
touch z2zi
/bin/rm -f z2zi
chmod a+rx z2zi_Linux64
chmod: cannot access ‘z2zi_Linux64’: No such file or directory
/bin/ln -s z2zi_Linux64 z2zi
end
if ( ! -e zi2z_Linux64 ) then
pgf90 -g -fast -byteswapio -tp k8-64 -mcmodel=medium -Mnolarge_arrays zi2z.f -o zi2z_Linux64
pgf90: Command not found.
else if ( -f `find ${f}.f -prune -newer ${f}_${OS}` ) then
touch zi2z
/bin/rm -f zi2z
chmod a+rx zi2z_Linux64
chmod: cannot access ‘zi2z_Linux64’: No such file or directory
/bin/ln -s zi2z_Linux64 zi2z
end
if ( ! -e hycom_date_wind_Linux64 ) then
pgf90 -g -fast -byteswapio -tp k8-64 -mcmodel=medium -Mnolarge_arrays hycom_date_wind.f -o hycom_date_wind_Linux64
pgf90: Command not found.
else if ( -f `find ${f}.f -prune -newer ${f}_${OS}` ) then
touch hycom_date_wind
/bin/rm -f hycom_date_wind
chmod a+rx hycom_date_wind_Linux64
chmod: cannot access ‘hycom_date_wind_Linux64’: No such file or directory
/bin/ln -s hycom_date_wind_Linux64 hycom_date_wind
end
if ( ! -e hycom_profile2plm_Linux64 ) then
pgf90 -g -fast -byteswapio -tp k8-64 -mcmodel=medium -Mnolarge_arrays hycom_profile2plm.f -o hycom_profile2plm_Linux64
pgf90: Command not found.
else if ( -f `find ${f}.f -prune -newer ${f}_${OS}` ) then
touch hycom_profile2plm
/bin/rm -f hycom_profile2plm
chmod a+rx hycom_profile2plm_Linux64
chmod: cannot access ‘hycom_profile2plm_Linux64’: No such file or directory
/bin/ln -s hycom_profile2plm_Linux64 hycom_profile2plm
end
if ( ! -e hycom_profile_hybgen_34_Linux64 ) then
pgf90 -g -fast -byteswapio -tp k8-64 -mcmodel=medium -Mnolarge_arrays hycom_profile_hybgen_34.f -o hycom_profile_hybgen_34_Linux64
pgf90: Command not found.
else if ( -f `find ${f}.f -prune -newer ${f}_${OS}` ) then
touch hycom_profile_hybgen_34
/bin/rm -f hycom_profile_hybgen_34
chmod a+rx hycom_profile_hybgen_34_Linux64
chmod: cannot access ‘hycom_profile_hybgen_34_Linux64’: No such file or directory
/bin/ln -s hycom_profile_hybgen_34_Linux64 hycom_profile_hybgen_34
end
if ( ! -e hycom_profile_hybgen_35_Linux64 ) then
pgf90 -g -fast -byteswapio -tp k8-64 -mcmodel=medium -Mnolarge_arrays hycom_profile_hybgen_35.f -o hycom_profile_hybgen_35_Linux64
pgf90: Command not found.
else if ( -f `find ${f}.f -prune -newer ${f}_${OS}` ) then
touch hycom_profile_hybgen_35
/bin/rm -f hycom_profile_hybgen_35
chmod a+rx hycom_profile_hybgen_35_Linux64
chmod: cannot access ‘hycom_profile_hybgen_35_Linux64’: No such file or directory
/bin/ln -s hycom_profile_hybgen_35_Linux64 hycom_profile_hybgen_35
end
if ( ! -e hycom_subset_xy_Linux64 ) then
pgf90 -g -fast -byteswapio -tp k8-64 -mcmodel=medium -Mnolarge_arrays hycom_subset_xy.f -o hycom_subset_xy_Linux64
pgf90: Command not found.
else if ( -f `find ${f}.f -prune -newer ${f}_${OS}` ) then
touch hycom_subset_xy
/bin/rm -f hycom_subset_xy
chmod a+rx hycom_subset_xy_Linux64
chmod: cannot access ‘hycom_subset_xy_Linux64’: No such file or directory
/bin/ln -s hycom_subset_xy_Linux64 hycom_subset_xy
end
if ( ! -e hycom_dp0k_Linux64 ) then
pgf90 -g -fast -byteswapio -tp k8-64 -mcmodel=medium -Mnolarge_arrays hycom_dp0k.f -o hycom_dp0k_Linux64
pgf90: Command not found.
else if ( -f `find ${f}.f -prune -newer ${f}_${OS}` ) then
touch hycom_dp0k
/bin/rm -f hycom_dp0k
chmod a+rx hycom_dp0k_Linux64
chmod: cannot access ‘hycom_dp0k_Linux64’: No such file or directory
/bin/ln -s hycom_dp0k_Linux64 hycom_dp0k
end
if ( ! -e hycom_dp0k_cm_Linux64 ) then
pgf90 -g -fast -byteswapio -tp k8-64 -mcmodel=medium -Mnolarge_arrays hycom_dp0k_cm.f -o hycom_dp0k_cm_Linux64
pgf90: Command not found.
else if ( -f `find ${f}.f -prune -newer ${f}_${OS}` ) then
touch hycom_dp0k_cm
/bin/rm -f hycom_dp0k_cm
chmod a+rx hycom_dp0k_cm_Linux64
chmod: cannot access ‘hycom_dp0k_cm_Linux64’: No such file or directory
/bin/ln -s hycom_dp0k_cm_Linux64 hycom_dp0k_cm
end
if ( ! -e hycom_dp0k_sigma_Linux64 ) then
pgf90 -g -fast -byteswapio -tp k8-64 -mcmodel=medium -Mnolarge_arrays hycom_dp0k_sigma.f -o hycom_dp0k_sigma_Linux64
pgf90: Command not found.
else if ( -f `find ${f}.f -prune -newer ${f}_${OS}` ) then
touch hycom_dp0k_sigma
/bin/rm -f hycom_dp0k_sigma
chmod a+rx hycom_dp0k_sigma_Linux64
chmod: cannot access ‘hycom_dp0k_sigma_Linux64’: No such file or directory
/bin/ln -s hycom_dp0k_sigma_Linux64 hycom_dp0k_sigma
end
pgf90 -g -fast -byteswapio -tp k8-64 -mcmodel=medium -Mnolarge_arrays -c hycom_endian_io.F
pgf90: Command not found.
gcc -O -march=k8 -m64 -mcmodel=medium -c parse.c
foreach f ( hycom_crosscorr hycom_crosscorr_lag hycom_join unf42hycom unf82hycom hycom2raw hycom2raw8 hycom_1st_isopyc hycom_arctic hycom_arctic_ok hycom_bandmask hycom_binning hycom_binning_fld hycom_bouflx hycom_clip hycom_count hycom_eddy_center hycom_expr hycom_extract hycom_fill hycom_halfsm hycom_histogram hycom_ij2lonlat hycom_islands hycom_larger hycom_lonlat2ij hycom_lonlat2xy hycom_mask hycom_mass hycom_mean hycom_meanfit hycom_median hycom_meridional hycom_meridional_lon hycom_mixlay hycom_mixlay_old hycom_mxthrd hycom_NaN hycom_print hycom_range hycom_range_ij hycom_rivers hycom_rotate hycom_runmean hycom_sample hycom_sample_list hycom_sea_ok hycom_shift hycom_skill hycom_slopefit hycom_smooth hycom_stericssh hycom_subset hycom_superset hycom_thirdsm hycom_tidelat hycom_triple hycom_void hycom_xy2lonlat hycom_zonal hycom_zonal_lat ascii2hycom raw2hycom raw82hycom hycom_2d_ok hycom_autocorr hycom_autocorr_lag hycom_boxmean hycom_boxtime hycom_index_sort hycom_mask_ok hycom_mass_corr hycom_newzi hycom_quadlsq hycom_regression hycom_sstice hycom_botfric hycom_boxsmooth hycom_diflat hycom_merge hycom_sample_xy hycom_scatter hycom_tidebody hycom_vmean hycom_xward )
if ( ! -e hycom_crosscorr_Linux64 ) then
pgf90 -g -fast -byteswapio -tp k8-64 -mcmodel=medium -Mnolarge_arrays hycom_crosscorr.F hycom_endian_io.o parse.o -o hycom_crosscorr_Linux64
pgf90: Command not found.
else if ( -f `find ${f}.F -prune -newer ${f}_${OS}` ) then
touch hycom_crosscorr
/bin/rm -f hycom_crosscorr
chmod a+rx hycom_crosscorr_Linux64
chmod: cannot access ‘hycom_crosscorr_Linux64’: No such file or directory
/bin/ln -s hycom_crosscorr_Linux64 hycom_crosscorr
end
if ( ! -e hycom_crosscorr_lag_Linux64 ) then
pgf90 -g -fast -byteswapio -tp k8-64 -mcmodel=medium -Mnolarge_arrays hycom_crosscorr_lag.F hycom_endian_io.o parse.o -o hycom_crosscorr_lag_Linux64
pgf90: Command not found.
else if ( -f `find ${f}.F -prune -newer ${f}_${OS}` ) then
touch hycom_crosscorr_lag
/bin/rm -f hycom_crosscorr_lag
chmod a+rx hycom_crosscorr_lag_Linux64
chmod: cannot access ‘hycom_crosscorr_lag_Linux64’: No such file or directory
/bin/ln -s hycom_crosscorr_lag_Linux64 hycom_crosscorr_lag
end
if ( ! -e hycom_join_Linux64 ) then
pgf90 -g -fast -byteswapio -tp k8-64 -mcmodel=medium -Mnolarge_arrays hycom_join.F hycom_endian_io.o parse.o -o hycom_join_Linux64
pgf90: Command not found.
else if ( -f `find ${f}.F -prune -newer ${f}_${OS}` ) then
touch hycom_join
/bin/rm -f hycom_join
chmod a+rx hycom_join_Linux64
chmod: cannot access ‘hycom_join_Linux64’: No such file or directory
/bin/ln -s hycom_join_Linux64 hycom_join
end
if ( ! -e unf42hycom_Linux64 ) then
pgf90 -g -fast -byteswapio -tp k8-64 -mcmodel=medium -Mnolarge_arrays unf42hycom.F hycom_endian_io.o parse.o -o unf42hycom_Linux64
pgf90: Command not found.
else if ( -f `find ${f}.F -prune -newer ${f}_${OS}` ) then
touch unf42hycom
/bin/rm -f unf42hycom
chmod a+rx unf42hycom_Linux64
chmod: cannot access ‘unf42hycom_Linux64’: No such file or directory
/bin/ln -s unf42hycom_Linux64 unf42hycom
end
if ( ! -e unf82hycom_Linux64 ) then
pgf90 -g -fast -byteswapio -tp k8-64 -mcmodel=medium -Mnolarge_arrays unf82hycom.F hycom_endian_io.o parse.o -o unf82hycom_Linux64
pgf90: Command not found.
else if ( -f `find ${f}.F -prune -newer ${f}_${OS}` ) then
touch unf82hycom
/bin/rm -f unf82hycom
chmod a+rx unf82hycom_Linux64
chmod: cannot access ‘unf82hycom_Linux64’: No such file or directory
/bin/ln -s unf82hycom_Linux64 unf82hycom
end
if ( ! -e hycom2raw_Linux64 ) then
pgf90 -g -fast -byteswapio -tp k8-64 -mcmodel=medium -Mnolarge_arrays hycom2raw.F hycom_endian_io.o parse.o -o hycom2raw_Linux64
pgf90: Command not found.
else if ( -f `find ${f}.F -prune -newer ${f}_${OS}` ) then
touch hycom2raw
/bin/rm -f hycom2raw
chmod a+rx hycom2raw_Linux64
chmod: cannot access ‘hycom2raw_Linux64’: No such file or directory
/bin/ln -s hycom2raw_Linux64 hycom2raw
end
if ( ! -e hycom2raw8_Linux64 ) then
pgf90 -g -fast -byteswapio -tp k8-64 -mcmodel=medium -Mnolarge_arrays hycom2raw8.F hycom_endian_io.o parse.o -o hycom2raw8_Linux64
pgf90: Command not found.
else if ( -f `find ${f}.F -prune -newer ${f}_${OS}` ) then
touch hycom2raw8
/bin/rm -f hycom2raw8
chmod a+rx hycom2raw8_Linux64
chmod: cannot access ‘hycom2raw8_Linux64’: No such file or directory
/bin/ln -s hycom2raw8_Linux64 hycom2raw8
end
if ( ! -e hycom_1st_isopyc_Linux64 ) then
pgf90 -g -fast -byteswapio -tp k8-64 -mcmodel=medium -Mnolarge_arrays hycom_1st_isopyc.F hycom_endian_io.o parse.o -o hycom_1st_isopyc_Linux64
pgf90: Command not found.
else if ( -f `find ${f}.F -prune -newer ${f}_${OS}` ) then
touch hycom_1st_isopyc
/bin/rm -f hycom_1st_isopyc
chmod a+rx hycom_1st_isopyc_Linux64
chmod: cannot access ‘hycom_1st_isopyc_Linux64’: No such file or directory
/bin/ln -s hycom_1st_isopyc_Linux64 hycom_1st_isopyc
end
if ( ! -e hycom_arctic_Linux64 ) then
pgf90 -g -fast -byteswapio -tp k8-64 -mcmodel=medium -Mnolarge_arrays hycom_arctic.F hycom_endian_io.o parse.o -o hycom_arctic_Linux64
pgf90: Command not found.
else if ( -f `find ${f}.F -prune -newer ${f}_${OS}` ) then
touch hycom_arctic
/bin/rm -f hycom_arctic
chmod a+rx hycom_arctic_Linux64
chmod: cannot access ‘hycom_arctic_Linux64’: No such file or directory
/bin/ln -s hycom_arctic_Linux64 hycom_arctic
end
if ( ! -e hycom_arctic_ok_Linux64 ) then
pgf90 -g -fast -byteswapio -tp k8-64 -mcmodel=medium -Mnolarge_arrays hycom_arctic_ok.F hycom_endian_io.o parse.o -o hycom_arctic_ok_Linux64
pgf90: Command not found.
else if ( -f `find ${f}.F -prune -newer ${f}_${OS}` ) then
touch hycom_arctic_ok
/bin/rm -f hycom_arctic_ok
chmod a+rx hycom_arctic_ok_Linux64
chmod: cannot access ‘hycom_arctic_ok_Linux64’: No such file or directory
/bin/ln -s hycom_arctic_ok_Linux64 hycom_arctic_ok
end
if ( ! -e hycom_bandmask_Linux64 ) then
pgf90 -g -fast -byteswapio -tp k8-64 -mcmodel=medium -Mnolarge_arrays hycom_bandmask.F hycom_endian_io.o parse.o -o hycom_bandmask_Linux64
pgf90: Command not found.
else if ( -f `find ${f}.F -prune -newer ${f}_${OS}` ) then
touch hycom_bandmask
/bin/rm -f hycom_bandmask
chmod a+rx hycom_bandmask_Linux64
chmod: cannot access ‘hycom_bandmask_Linux64’: No such file or directory
/bin/ln -s hycom_bandmask_Linux64 hycom_bandmask
end
if ( ! -e hycom_binning_Linux64 ) then
pgf90 -g -fast -byteswapio -tp k8-64 -mcmodel=medium -Mnolarge_arrays hycom_binning.F hycom_endian_io.o parse.o -o hycom_binning_Linux64
pgf90: Command not found.
else if ( -f `find ${f}.F -prune -newer ${f}_${OS}` ) then
touch hycom_binning
/bin/rm -f hycom_binning
chmod a+rx hycom_binning_Linux64
chmod: cannot access ‘hycom_binning_Linux64’: No such file or directory
/bin/ln -s hycom_binning_Linux64 hycom_binning
end
if ( ! -e hycom_binning_fld_Linux64 ) then
pgf90 -g -fast -byteswapio -tp k8-64 -mcmodel=medium -Mnolarge_arrays hycom_binning_fld.F hycom_endian_io.o parse.o -o hycom_binning_fld_Linux64
pgf90: Command not found.
else if ( -f `find ${f}.F -prune -newer ${f}_${OS}` ) then
touch hycom_binning_fld
/bin/rm -f hycom_binning_fld
chmod a+rx hycom_binning_fld_Linux64
chmod: cannot access ‘hycom_binning_fld_Linux64’: No such file or directory
/bin/ln -s hycom_binning_fld_Linux64 hycom_binning_fld
end
if ( ! -e hycom_bouflx_Linux64 ) then
pgf90 -g -fast -byteswapio -tp k8-64 -mcmodel=medium -Mnolarge_arrays hycom_bouflx.F hycom_endian_io.o parse.o -o hycom_bouflx_Linux64
pgf90: Command not found.
else if ( -f `find ${f}.F -prune -newer ${f}_${OS}` ) then
touch hycom_bouflx
/bin/rm -f hycom_bouflx
chmod a+rx hycom_bouflx_Linux64
chmod: cannot access ‘hycom_bouflx_Linux64’: No such file or directory
/bin/ln -s hycom_bouflx_Linux64 hycom_bouflx
end
if ( ! -e hycom_clip_Linux64 ) then
pgf90 -g -fast -byteswapio -tp k8-64 -mcmodel=medium -Mnolarge_arrays hycom_clip.F hycom_endian_io.o parse.o -o hycom_clip_Linux64
pgf90: Command not found.
else if ( -f `find ${f}.F -prune -newer ${f}_${OS}` ) then
touch hycom_clip
/bin/rm -f hycom_clip
chmod a+rx hycom_clip_Linux64
chmod: cannot access ‘hycom_clip_Linux64’: No such file or directory
/bin/ln -s hycom_clip_Linux64 hycom_clip
end
if ( ! -e hycom_count_Linux64 ) then
pgf90 -g -fast -byteswapio -tp k8-64 -mcmodel=medium -Mnolarge_arrays hycom_count.F hycom_endian_io.o parse.o -o hycom_count_Linux64
pgf90: Command not found.
else if ( -f `find ${f}.F -prune -newer ${f}_${OS}` ) then
touch hycom_count
/bin/rm -f hycom_count
chmod a+rx hycom_count_Linux64
chmod: cannot access ‘hycom_count_Linux64’: No such file or directory
/bin/ln -s hycom_count_Linux64 hycom_count
end
if ( ! -e hycom_eddy_center_Linux64 ) then
pgf90 -g -fast -byteswapio -tp k8-64 -mcmodel=medium -Mnolarge_arrays hycom_eddy_center.F hycom_endian_io.o parse.o -o hycom_eddy_center_Linux64
pgf90: Command not found.
else if ( -f `find ${f}.F -prune -newer ${f}_${OS}` ) then
touch hycom_eddy_center
/bin/rm -f hycom_eddy_center
chmod a+rx hycom_eddy_center_Linux64
chmod: cannot access ‘hycom_eddy_center_Linux64’: No such file or directory
/bin/ln -s hycom_eddy_center_Linux64 hycom_eddy_center
end
if ( ! -e hycom_expr_Linux64 ) then
pgf90 -g -fast -byteswapio -tp k8-64 -mcmodel=medium -Mnolarge_arrays hycom_expr.F hycom_endian_io.o parse.o -o hycom_expr_Linux64
pgf90: Command not found.
else if ( -f `find ${f}.F -prune -newer ${f}_${OS}` ) then
touch hycom_expr
/bin/rm -f hycom_expr
chmod a+rx hycom_expr_Linux64
chmod: cannot access ‘hycom_expr_Linux64’: No such file or directory
/bin/ln -s hycom_expr_Linux64 hycom_expr
end
if ( ! -e hycom_extract_Linux64 ) then
pgf90 -g -fast -byteswapio -tp k8-64 -mcmodel=medium -Mnolarge_arrays hycom_extract.F hycom_endian_io.o parse.o -o hycom_extract_Linux64
pgf90: Command not found.
else if ( -f `find ${f}.F -prune -newer ${f}_${OS}` ) then
touch hycom_extract
/bin/rm -f hycom_extract
chmod a+rx hycom_extract_Linux64
chmod: cannot access ‘hycom_extract_Linux64’: No such file or directory
/bin/ln -s hycom_extract_Linux64 hycom_extract
end
if ( ! -e hycom_fill_Linux64 ) then
pgf90 -g -fast -byteswapio -tp k8-64 -mcmodel=medium -Mnolarge_arrays hycom_fill.F hycom_endian_io.o parse.o -o hycom_fill_Linux64
pgf90: Command not found.
else if ( -f `find ${f}.F -prune -newer ${f}_${OS}` ) then
touch hycom_fill
/bin/rm -f hycom_fill
chmod a+rx hycom_fill_Linux64
chmod: cannot access ‘hycom_fill_Linux64’: No such file or directory
/bin/ln -s hycom_fill_Linux64 hycom_fill
end
if ( ! -e hycom_halfsm_Linux64 ) then
pgf90 -g -fast -byteswapio -tp k8-64 -mcmodel=medium -Mnolarge_arrays hycom_halfsm.F hycom_endian_io.o parse.o -o hycom_halfsm_Linux64
pgf90: Command not found.
else if ( -f `find ${f}.F -prune -newer ${f}_${OS}` ) then
touch hycom_halfsm
/bin/rm -f hycom_halfsm
chmod a+rx hycom_halfsm_Linux64
chmod: cannot access ‘hycom_halfsm_Linux64’: No such file or directory
/bin/ln -s hycom_halfsm_Linux64 hycom_halfsm
end
if ( ! -e hycom_histogram_Linux64 ) then
pgf90 -g -fast -byteswapio -tp k8-64 -mcmodel=medium -Mnolarge_arrays hycom_histogram.F hycom_endian_io.o parse.o -o hycom_histogram_Linux64
pgf90: Command not found.
else if ( -f `find ${f}.F -prune -newer ${f}_${OS}` ) then
touch hycom_histogram
/bin/rm -f hycom_histogram
chmod a+rx hycom_histogram_Linux64
chmod: cannot access ‘hycom_histogram_Linux64’: No such file or directory
/bin/ln -s hycom_histogram_Linux64 hycom_histogram
end
if ( ! -e hycom_ij2lonlat_Linux64 ) then
pgf90 -g -fast -byteswapio -tp k8-64 -mcmodel=medium -Mnolarge_arrays hycom_ij2lonlat.F hycom_endian_io.o parse.o -o hycom_ij2lonlat_Linux64
pgf90: Command not found.
else if ( -f `find ${f}.F -prune -newer ${f}_${OS}` ) then
touch hycom_ij2lonlat
/bin/rm -f hycom_ij2lonlat
chmod a+rx hycom_ij2lonlat_Linux64
chmod: cannot access ‘hycom_ij2lonlat_Linux64’: No such file or directory
/bin/ln -s hycom_ij2lonlat_Linux64 hycom_ij2lonlat
end
if ( ! -e hycom_islands_Linux64 ) then
pgf90 -g -fast -byteswapio -tp k8-64 -mcmodel=medium -Mnolarge_arrays hycom_islands.F hycom_endian_io.o parse.o -o hycom_islands_Linux64
pgf90: Command not found.
else if ( -f `find ${f}.F -prune -newer ${f}_${OS}` ) then
touch hycom_islands
/bin/rm -f hycom_islands
chmod a+rx hycom_islands_Linux64
chmod: cannot access ‘hycom_islands_Linux64’: No such file or directory
/bin/ln -s hycom_islands_Linux64 hycom_islands
end
if ( ! -e hycom_larger_Linux64 ) then
pgf90 -g -fast -byteswapio -tp k8-64 -mcmodel=medium -Mnolarge_arrays hycom_larger.F hycom_endian_io.o parse.o -o hycom_larger_Linux64
pgf90: Command not found.
else if ( -f `find ${f}.F -prune -newer ${f}_${OS}` ) then
touch hycom_larger
/bin/rm -f hycom_larger
chmod a+rx hycom_larger_Linux64
chmod: cannot access ‘hycom_larger_Linux64’: No such file or directory
/bin/ln -s hycom_larger_Linux64 hycom_larger
end
if ( ! -e hycom_lonlat2ij_Linux64 ) then
pgf90 -g -fast -byteswapio -tp k8-64 -mcmodel=medium -Mnolarge_arrays hycom_lonlat2ij.F hycom_endian_io.o parse.o -o hycom_lonlat2ij_Linux64
pgf90: Command not found.
else if ( -f `find ${f}.F -prune -newer ${f}_${OS}` ) then
touch hycom_lonlat2ij
/bin/rm -f hycom_lonlat2ij
chmod a+rx hycom_lonlat2ij_Linux64
chmod: cannot access ‘hycom_lonlat2ij_Linux64’: No such file or directory
/bin/ln -s hycom_lonlat2ij_Linux64 hycom_lonlat2ij
end
if ( ! -e hycom_lonlat2xy_Linux64 ) then
pgf90 -g -fast -byteswapio -tp k8-64 -mcmodel=medium -Mnolarge_arrays hycom_lonlat2xy.F hycom_endian_io.o parse.o -o hycom_lonlat2xy_Linux64
pgf90: Command not found.
else if ( -f `find ${f}.F -prune -newer ${f}_${OS}` ) then
touch hycom_lonlat2xy
/bin/rm -f hycom_lonlat2xy
chmod a+rx hycom_lonlat2xy_Linux64
chmod: cannot access ‘hycom_lonlat2xy_Linux64’: No such file or directory
/bin/ln -s hycom_lonlat2xy_Linux64 hycom_lonlat2xy
end
if ( ! -e hycom_mask_Linux64 ) then
pgf90 -g -fast -byteswapio -tp k8-64 -mcmodel=medium -Mnolarge_arrays hycom_mask.F hycom_endian_io.o parse.o -o hycom_mask_Linux64
pgf90: Command not found.
else if ( -f `find ${f}.F -prune -newer ${f}_${OS}` ) then
touch hycom_mask
/bin/rm -f hycom_mask
chmod a+rx hycom_mask_Linux64
chmod: cannot access ‘hycom_mask_Linux64’: No such file or directory
/bin/ln -s hycom_mask_Linux64 hycom_mask
end
if ( ! -e hycom_mass_Linux64 ) then
pgf90 -g -fast -byteswapio -tp k8-64 -mcmodel=medium -Mnolarge_arrays hycom_mass.F hycom_endian_io.o parse.o -o hycom_mass_Linux64
pgf90: Command not found.
else if ( -f `find ${f}.F -prune -newer ${f}_${OS}` ) then
touch hycom_mass
/bin/rm -f hycom_mass
chmod a+rx hycom_mass_Linux64
chmod: cannot access ‘hycom_mass_Linux64’: No such file or directory
/bin/ln -s hycom_mass_Linux64 hycom_mass
end
if ( ! -e hycom_mean_Linux64 ) then
pgf90 -g -fast -byteswapio -tp k8-64 -mcmodel=medium -Mnolarge_arrays hycom_mean.F hycom_endian_io.o parse.o -o hycom_mean_Linux64
pgf90: Command not found.
else if ( -f `find ${f}.F -prune -newer ${f}_${OS}` ) then
touch hycom_mean
/bin/rm -f hycom_mean
chmod a+rx hycom_mean_Linux64
chmod: cannot access ‘hycom_mean_Linux64’: No such file or directory
/bin/ln -s hycom_mean_Linux64 hycom_mean
end
if ( ! -e hycom_meanfit_Linux64 ) then
pgf90 -g -fast -byteswapio -tp k8-64 -mcmodel=medium -Mnolarge_arrays hycom_meanfit.F hycom_endian_io.o parse.o -o hycom_meanfit_Linux64
pgf90: Command not found.
else if ( -f `find ${f}.F -prune -newer ${f}_${OS}` ) then
touch hycom_meanfit
/bin/rm -f hycom_meanfit
chmod a+rx hycom_meanfit_Linux64
chmod: cannot access ‘hycom_meanfit_Linux64’: No such file or directory
/bin/ln -s hycom_meanfit_Linux64 hycom_meanfit
end
if ( ! -e hycom_median_Linux64 ) then
pgf90 -g -fast -byteswapio -tp k8-64 -mcmodel=medium -Mnolarge_arrays hycom_median.F hycom_endian_io.o parse.o -o hycom_median_Linux64
pgf90: Command not found.
else if ( -f `find ${f}.F -prune -newer ${f}_${OS}` ) then
touch hycom_median
/bin/rm -f hycom_median
chmod a+rx hycom_median_Linux64
chmod: cannot access ‘hycom_median_Linux64’: No such file or directory
/bin/ln -s hycom_median_Linux64 hycom_median
end
if ( ! -e hycom_meridional_Linux64 ) then
pgf90 -g -fast -byteswapio -tp k8-64 -mcmodel=medium -Mnolarge_arrays hycom_meridional.F hycom_endian_io.o parse.o -o hycom_meridional_Linux64
pgf90: Command not found.
else if ( -f `find ${f}.F -prune -newer ${f}_${OS}` ) then
touch hycom_meridional
/bin/rm -f hycom_meridional
chmod a+rx hycom_meridional_Linux64
chmod: cannot access ‘hycom_meridional_Linux64’: No such file or directory
/bin/ln -s hycom_meridional_Linux64 hycom_meridional
end
if ( ! -e hycom_meridional_lon_Linux64 ) then
pgf90 -g -fast -byteswapio -tp k8-64 -mcmodel=medium -Mnolarge_arrays hycom_meridional_lon.F hycom_endian_io.o parse.o -o hycom_meridional_lon_Linux64
pgf90: Command not found.
else if ( -f `find ${f}.F -prune -newer ${f}_${OS}` ) then
touch hycom_meridional_lon
/bin/rm -f hycom_meridional_lon
chmod a+rx hycom_meridional_lon_Linux64
chmod: cannot access ‘hycom_meridional_lon_Linux64’: No such file or directory
/bin/ln -s hycom_meridional_lon_Linux64 hycom_meridional_lon
end
if ( ! -e hycom_mixlay_Linux64 ) then
pgf90 -g -fast -byteswapio -tp k8-64 -mcmodel=medium -Mnolarge_arrays hycom_mixlay.F hycom_endian_io.o parse.o -o hycom_mixlay_Linux64
pgf90: Command not found.
else if ( -f `find ${f}.F -prune -newer ${f}_${OS}` ) then
touch hycom_mixlay
/bin/rm -f hycom_mixlay
chmod a+rx hycom_mixlay_Linux64
chmod: cannot access ‘hycom_mixlay_Linux64’: No such file or directory
/bin/ln -s hycom_mixlay_Linux64 hycom_mixlay
end
if ( ! -e hycom_mixlay_old_Linux64 ) then
pgf90 -g -fast -byteswapio -tp k8-64 -mcmodel=medium -Mnolarge_arrays hycom_mixlay_old.F hycom_endian_io.o parse.o -o hycom_mixlay_old_Linux64
pgf90: Command not found.
else if ( -f `find ${f}.F -prune -newer ${f}_${OS}` ) then
touch hycom_mixlay_old
/bin/rm -f hycom_mixlay_old
chmod a+rx hycom_mixlay_old_Linux64
chmod: cannot access ‘hycom_mixlay_old_Linux64’: No such file or directory
/bin/ln -s hycom_mixlay_old_Linux64 hycom_mixlay_old
end
if ( ! -e hycom_mxthrd_Linux64 ) then
pgf90 -g -fast -byteswapio -tp k8-64 -mcmodel=medium -Mnolarge_arrays hycom_mxthrd.F hycom_endian_io.o parse.o -o hycom_mxthrd_Linux64
pgf90: Command not found.
else if ( -f `find ${f}.F -prune -newer ${f}_${OS}` ) then
touch hycom_mxthrd
/bin/rm -f hycom_mxthrd
chmod a+rx hycom_mxthrd_Linux64
chmod: cannot access ‘hycom_mxthrd_Linux64’: No such file or directory
/bin/ln -s hycom_mxthrd_Linux64 hycom_mxthrd
end
if ( ! -e hycom_NaN_Linux64 ) then
pgf90 -g -fast -byteswapio -tp k8-64 -mcmodel=medium -Mnolarge_arrays hycom_NaN.F hycom_endian_io.o parse.o -o hycom_NaN_Linux64
pgf90: Command not found.
else if ( -f `find ${f}.F -prune -newer ${f}_${OS}` ) then
touch hycom_NaN
/bin/rm -f hycom_NaN
chmod a+rx hycom_NaN_Linux64
chmod: cannot access ‘hycom_NaN_Linux64’: No such file or directory
/bin/ln -s hycom_NaN_Linux64 hycom_NaN
end
if ( ! -e hycom_print_Linux64 ) then
pgf90 -g -fast -byteswapio -tp k8-64 -mcmodel=medium -Mnolarge_arrays hycom_print.F hycom_endian_io.o parse.o -o hycom_print_Linux64
pgf90: Command not found.
else if ( -f `find ${f}.F -prune -newer ${f}_${OS}` ) then
touch hycom_print
/bin/rm -f hycom_print
chmod a+rx hycom_print_Linux64
chmod: cannot access ‘hycom_print_Linux64’: No such file or directory
/bin/ln -s hycom_print_Linux64 hycom_print
end
if ( ! -e hycom_range_Linux64 ) then
pgf90 -g -fast -byteswapio -tp k8-64 -mcmodel=medium -Mnolarge_arrays hycom_range.F hycom_endian_io.o parse.o -o hycom_range_Linux64
pgf90: Command not found.
else if ( -f `find ${f}.F -prune -newer ${f}_${OS}` ) then
touch hycom_range
/bin/rm -f hycom_range
chmod a+rx hycom_range_Linux64
chmod: cannot access ‘hycom_range_Linux64’: No such file or directory
/bin/ln -s hycom_range_Linux64 hycom_range
end
if ( ! -e hycom_range_ij_Linux64 ) then
pgf90 -g -fast -byteswapio -tp k8-64 -mcmodel=medium -Mnolarge_arrays hycom_range_ij.F hycom_endian_io.o parse.o -o hycom_range_ij_Linux64
pgf90: Command not found.
else if ( -f `find ${f}.F -prune -newer ${f}_${OS}` ) then
touch hycom_range_ij
/bin/rm -f hycom_range_ij
chmod a+rx hycom_range_ij_Linux64
chmod: cannot access ‘hycom_range_ij_Linux64’: No such file or directory
/bin/ln -s hycom_range_ij_Linux64 hycom_range_ij
end
if ( ! -e hycom_rivers_Linux64 ) then
pgf90 -g -fast -byteswapio -tp k8-64 -mcmodel=medium -Mnolarge_arrays hycom_rivers.F hycom_endian_io.o parse.o -o hycom_rivers_Linux64
pgf90: Command not found.
else if ( -f `find ${f}.F -prune -newer ${f}_${OS}` ) then
touch hycom_rivers
/bin/rm -f hycom_rivers
chmod a+rx hycom_rivers_Linux64
chmod: cannot access ‘hycom_rivers_Linux64’: No such file or directory
/bin/ln -s hycom_rivers_Linux64 hycom_rivers
end
if ( ! -e hycom_rotate_Linux64 ) then
pgf90 -g -fast -byteswapio -tp k8-64 -mcmodel=medium -Mnolarge_arrays hycom_rotate.F hycom_endian_io.o parse.o -o hycom_rotate_Linux64
pgf90: Command not found.
else if ( -f `find ${f}.F -prune -newer ${f}_${OS}` ) then
touch hycom_rotate
/bin/rm -f hycom_rotate
chmod a+rx hycom_rotate_Linux64
chmod: cannot access ‘hycom_rotate_Linux64’: No such file or directory
/bin/ln -s hycom_rotate_Linux64 hycom_rotate
end
if ( ! -e hycom_runmean_Linux64 ) then
pgf90 -g -fast -byteswapio -tp k8-64 -mcmodel=medium -Mnolarge_arrays hycom_runmean.F hycom_endian_io.o parse.o -o hycom_runmean_Linux64
pgf90: Command not found.
else if ( -f `find ${f}.F -prune -newer ${f}_${OS}` ) then
touch hycom_runmean
/bin/rm -f hycom_runmean
chmod a+rx hycom_runmean_Linux64
chmod: cannot access ‘hycom_runmean_Linux64’: No such file or directory
/bin/ln -s hycom_runmean_Linux64 hycom_runmean
end
if ( ! -e hycom_sample_Linux64 ) then
pgf90 -g -fast -byteswapio -tp k8-64 -mcmodel=medium -Mnolarge_arrays hycom_sample.F hycom_endian_io.o parse.o -o hycom_sample_Linux64
pgf90: Command not found.
else if ( -f `find ${f}.F -prune -newer ${f}_${OS}` ) then
touch hycom_sample
/bin/rm -f hycom_sample
chmod a+rx hycom_sample_Linux64
chmod: cannot access ‘hycom_sample_Linux64’: No such file or directory
/bin/ln -s hycom_sample_Linux64 hycom_sample
end
if ( ! -e hycom_sample_list_Linux64 ) then
pgf90 -g -fast -byteswapio -tp k8-64 -mcmodel=medium -Mnolarge_arrays hycom_sample_list.F hycom_endian_io.o parse.o -o hycom_sample_list_Linux64
pgf90: Command not found.
else if ( -f `find ${f}.F -prune -newer ${f}_${OS}` ) then
touch hycom_sample_list
/bin/rm -f hycom_sample_list
chmod a+rx hycom_sample_list_Linux64
chmod: cannot access ‘hycom_sample_list_Linux64’: No such file or directory
/bin/ln -s hycom_sample_list_Linux64 hycom_sample_list
end
if ( ! -e hycom_sea_ok_Linux64 ) then
pgf90 -g -fast -byteswapio -tp k8-64 -mcmodel=medium -Mnolarge_arrays hycom_sea_ok.F hycom_endian_io.o parse.o -o hycom_sea_ok_Linux64
pgf90: Command not found.
else if ( -f `find ${f}.F -prune -newer ${f}_${OS}` ) then
touch hycom_sea_ok
/bin/rm -f hycom_sea_ok
chmod a+rx hycom_sea_ok_Linux64
chmod: cannot access ‘hycom_sea_ok_Linux64’: No such file or directory
/bin/ln -s hycom_sea_ok_Linux64 hycom_sea_ok
end
if ( ! -e hycom_shift_Linux64 ) then
pgf90 -g -fast -byteswapio -tp k8-64 -mcmodel=medium -Mnolarge_arrays hycom_shift.F hycom_endian_io.o parse.o -o hycom_shift_Linux64
pgf90: Command not found.
else if ( -f `find ${f}.F -prune -newer ${f}_${OS}` ) then
touch hycom_shift
/bin/rm -f hycom_shift
chmod a+rx hycom_shift_Linux64
chmod: cannot access ‘hycom_shift_Linux64’: No such file or directory
/bin/ln -s hycom_shift_Linux64 hycom_shift
end
if ( ! -e hycom_skill_Linux64 ) then
pgf90 -g -fast -byteswapio -tp k8-64 -mcmodel=medium -Mnolarge_arrays hycom_skill.F hycom_endian_io.o parse.o -o hycom_skill_Linux64
pgf90: Command not found.
else if ( -f `find ${f}.F -prune -newer ${f}_${OS}` ) then
touch hycom_skill
/bin/rm -f hycom_skill
chmod a+rx hycom_skill_Linux64
chmod: cannot access ‘hycom_skill_Linux64’: No such file or directory
/bin/ln -s hycom_skill_Linux64 hycom_skill
end
if ( ! -e hycom_slopefit_Linux64 ) then
pgf90 -g -fast -byteswapio -tp k8-64 -mcmodel=medium -Mnolarge_arrays hycom_slopefit.F hycom_endian_io.o parse.o -o hycom_slopefit_Linux64
pgf90: Command not found.
else if ( -f `find ${f}.F -prune -newer ${f}_${OS}` ) then
touch hycom_slopefit
/bin/rm -f hycom_slopefit
chmod a+rx hycom_slopefit_Linux64
chmod: cannot access ‘hycom_slopefit_Linux64’: No such file or directory
/bin/ln -s hycom_slopefit_Linux64 hycom_slopefit
end
if ( ! -e hycom_smooth_Linux64 ) then
pgf90 -g -fast -byteswapio -tp k8-64 -mcmodel=medium -Mnolarge_arrays hycom_smooth.F hycom_endian_io.o parse.o -o hycom_smooth_Linux64
pgf90: Command not found.
else if ( -f `find ${f}.F -prune -newer ${f}_${OS}` ) then
touch hycom_smooth
/bin/rm -f hycom_smooth
chmod a+rx hycom_smooth_Linux64
chmod: cannot access ‘hycom_smooth_Linux64’: No such file or directory
/bin/ln -s hycom_smooth_Linux64 hycom_smooth
end
if ( ! -e hycom_stericssh_Linux64 ) then
pgf90 -g -fast -byteswapio -tp k8-64 -mcmodel=medium -Mnolarge_arrays hycom_stericssh.F hycom_endian_io.o parse.o -o hycom_stericssh_Linux64
pgf90: Command not found.
else if ( -f `find ${f}.F -prune -newer ${f}_${OS}` ) then
touch hycom_stericssh
/bin/rm -f hycom_stericssh
chmod a+rx hycom_stericssh_Linux64
chmod: cannot access ‘hycom_stericssh_Linux64’: No such file or directory
/bin/ln -s hycom_stericssh_Linux64 hycom_stericssh
end
if ( ! -e hycom_subset_Linux64 ) then
pgf90 -g -fast -byteswapio -tp k8-64 -mcmodel=medium -Mnolarge_arrays hycom_subset.F hycom_endian_io.o parse.o -o hycom_subset_Linux64
pgf90: Command not found.
else if ( -f `find ${f}.F -prune -newer ${f}_${OS}` ) then
touch hycom_subset
/bin/rm -f hycom_subset
chmod a+rx hycom_subset_Linux64
chmod: cannot access ‘hycom_subset_Linux64’: No such file or directory
/bin/ln -s hycom_subset_Linux64 hycom_subset
end
if ( ! -e hycom_superset_Linux64 ) then
pgf90 -g -fast -byteswapio -tp k8-64 -mcmodel=medium -Mnolarge_arrays hycom_superset.F hycom_endian_io.o parse.o -o hycom_superset_Linux64
pgf90: Command not found.
else if ( -f `find ${f}.F -prune -newer ${f}_${OS}` ) then
touch hycom_superset
/bin/rm -f hycom_superset
chmod a+rx hycom_superset_Linux64
chmod: cannot access ‘hycom_superset_Linux64’: No such file or directory
/bin/ln -s hycom_superset_Linux64 hycom_superset
end
if ( ! -e hycom_thirdsm_Linux64 ) then
pgf90 -g -fast -byteswapio -tp k8-64 -mcmodel=medium -Mnolarge_arrays hycom_thirdsm.F hycom_endian_io.o parse.o -o hycom_thirdsm_Linux64
pgf90: Command not found.
else if ( -f `find ${f}.F -prune -newer ${f}_${OS}` ) then
touch hycom_thirdsm
/bin/rm -f hycom_thirdsm
chmod a+rx hycom_thirdsm_Linux64
chmod: cannot access ‘hycom_thirdsm_Linux64’: No such file or directory
/bin/ln -s hycom_thirdsm_Linux64 hycom_thirdsm
end
if ( ! -e hycom_tidelat_Linux64 ) then
pgf90 -g -fast -byteswapio -tp k8-64 -mcmodel=medium -Mnolarge_arrays hycom_tidelat.F hycom_endian_io.o parse.o -o hycom_tidelat_Linux64
pgf90: Command not found.
else if ( -f `find ${f}.F -prune -newer ${f}_${OS}` ) then
touch hycom_tidelat
/bin/rm -f hycom_tidelat
chmod a+rx hycom_tidelat_Linux64
chmod: cannot access ‘hycom_tidelat_Linux64’: No such file or directory
/bin/ln -s hycom_tidelat_Linux64 hycom_tidelat
end
if ( ! -e hycom_triple_Linux64 ) then
pgf90 -g -fast -byteswapio -tp k8-64 -mcmodel=medium -Mnolarge_arrays hycom_triple.F hycom_endian_io.o parse.o -o hycom_triple_Linux64
pgf90: Command not found.
else if ( -f `find ${f}.F -prune -newer ${f}_${OS}` ) then
touch hycom_triple
/bin/rm -f hycom_triple
chmod a+rx hycom_triple_Linux64
chmod: cannot access ‘hycom_triple_Linux64’: No such file or directory
/bin/ln -s hycom_triple_Linux64 hycom_triple
end
if ( ! -e hycom_void_Linux64 ) then
pgf90 -g -fast -byteswapio -tp k8-64 -mcmodel=medium -Mnolarge_arrays hycom_void.F hycom_endian_io.o parse.o -o hycom_void_Linux64
pgf90: Command not found.
else if ( -f `find ${f}.F -prune -newer ${f}_${OS}` ) then
touch hycom_void
/bin/rm -f hycom_void
chmod a+rx hycom_void_Linux64
chmod: cannot access ‘hycom_void_Linux64’: No such file or directory
/bin/ln -s hycom_void_Linux64 hycom_void
end
if ( ! -e hycom_xy2lonlat_Linux64 ) then
pgf90 -g -fast -byteswapio -tp k8-64 -mcmodel=medium -Mnolarge_arrays hycom_xy2lonlat.F hycom_endian_io.o parse.o -o hycom_xy2lonlat_Linux64
pgf90: Command not found.
else if ( -f `find ${f}.F -prune -newer ${f}_${OS}` ) then
touch hycom_xy2lonlat
/bin/rm -f hycom_xy2lonlat
chmod a+rx hycom_xy2lonlat_Linux64
chmod: cannot access ‘hycom_xy2lonlat_Linux64’: No such file or directory
/bin/ln -s hycom_xy2lonlat_Linux64 hycom_xy2lonlat
end
if ( ! -e hycom_zonal_Linux64 ) then
pgf90 -g -fast -byteswapio -tp k8-64 -mcmodel=medium -Mnolarge_arrays hycom_zonal.F hycom_endian_io.o parse.o -o hycom_zonal_Linux64
pgf90: Command not found.
else if ( -f `find ${f}.F -prune -newer ${f}_${OS}` ) then
touch hycom_zonal
/bin/rm -f hycom_zonal
chmod a+rx hycom_zonal_Linux64
chmod: cannot access ‘hycom_zonal_Linux64’: No such file or directory
/bin/ln -s hycom_zonal_Linux64 hycom_zonal
end
if ( ! -e hycom_zonal_lat_Linux64 ) then
pgf90 -g -fast -byteswapio -tp k8-64 -mcmodel=medium -Mnolarge_arrays hycom_zonal_lat.F hycom_endian_io.o parse.o -o hycom_zonal_lat_Linux64
pgf90: Command not found.
else if ( -f `find ${f}.F -prune -newer ${f}_${OS}` ) then
touch hycom_zonal_lat
/bin/rm -f hycom_zonal_lat
chmod a+rx hycom_zonal_lat_Linux64
chmod: cannot access ‘hycom_zonal_lat_Linux64’: No such file or directory
/bin/ln -s hycom_zonal_lat_Linux64 hycom_zonal_lat
end
if ( ! -e ascii2hycom_Linux64 ) then
pgf90 -g -fast -byteswapio -tp k8-64 -mcmodel=medium -Mnolarge_arrays ascii2hycom.F hycom_endian_io.o parse.o -o ascii2hycom_Linux64
pgf90: Command not found.
else if ( -f `find ${f}.F -prune -newer ${f}_${OS}` ) then
touch ascii2hycom
/bin/rm -f ascii2hycom
chmod a+rx ascii2hycom_Linux64
chmod: cannot access ‘ascii2hycom_Linux64’: No such file or directory
/bin/ln -s ascii2hycom_Linux64 ascii2hycom
end
if ( ! -e raw2hycom_Linux64 ) then
pgf90 -g -fast -byteswapio -tp k8-64 -mcmodel=medium -Mnolarge_arrays raw2hycom.F hycom_endian_io.o parse.o -o raw2hycom_Linux64
pgf90: Command not found.
else if ( -f `find ${f}.F -prune -newer ${f}_${OS}` ) then
touch raw2hycom
/bin/rm -f raw2hycom
chmod a+rx raw2hycom_Linux64
chmod: cannot access ‘raw2hycom_Linux64’: No such file or directory
/bin/ln -s raw2hycom_Linux64 raw2hycom
end
if ( ! -e raw82hycom_Linux64 ) then
pgf90 -g -fast -byteswapio -tp k8-64 -mcmodel=medium -Mnolarge_arrays raw82hycom.F hycom_endian_io.o parse.o -o raw82hycom_Linux64
pgf90: Command not found.
else if ( -f `find ${f}.F -prune -newer ${f}_${OS}` ) then
touch raw82hycom
/bin/rm -f raw82hycom
chmod a+rx raw82hycom_Linux64
chmod: cannot access ‘raw82hycom_Linux64’: No such file or directory
/bin/ln -s raw82hycom_Linux64 raw82hycom
end
if ( ! -e hycom_2d_ok_Linux64 ) then
pgf90 -g -fast -byteswapio -tp k8-64 -mcmodel=medium -Mnolarge_arrays hycom_2d_ok.F hycom_endian_io.o parse.o -o hycom_2d_ok_Linux64
pgf90: Command not found.
else if ( -f `find ${f}.F -prune -newer ${f}_${OS}` ) then
touch hycom_2d_ok
/bin/rm -f hycom_2d_ok
chmod a+rx hycom_2d_ok_Linux64
chmod: cannot access ‘hycom_2d_ok_Linux64’: No such file or directory
/bin/ln -s hycom_2d_ok_Linux64 hycom_2d_ok
end
if ( ! -e hycom_autocorr_Linux64 ) then
pgf90 -g -fast -byteswapio -tp k8-64 -mcmodel=medium -Mnolarge_arrays hycom_autocorr.F hycom_endian_io.o parse.o -o hycom_autocorr_Linux64
pgf90: Command not found.
else if ( -f `find ${f}.F -prune -newer ${f}_${OS}` ) then
touch hycom_autocorr
/bin/rm -f hycom_autocorr
chmod a+rx hycom_autocorr_Linux64
chmod: cannot access ‘hycom_autocorr_Linux64’: No such file or directory
/bin/ln -s hycom_autocorr_Linux64 hycom_autocorr
end
if ( ! -e hycom_autocorr_lag_Linux64 ) then
pgf90 -g -fast -byteswapio -tp k8-64 -mcmodel=medium -Mnolarge_arrays hycom_autocorr_lag.F hycom_endian_io.o parse.o -o hycom_autocorr_lag_Linux64
pgf90: Command not found.
else if ( -f `find ${f}.F -prune -newer ${f}_${OS}` ) then
touch hycom_autocorr_lag
/bin/rm -f hycom_autocorr_lag
chmod a+rx hycom_autocorr_lag_Linux64
chmod: cannot access ‘hycom_autocorr_lag_Linux64’: No such file or directory
/bin/ln -s hycom_autocorr_lag_Linux64 hycom_autocorr_lag
end
if ( ! -e hycom_boxmean_Linux64 ) then
pgf90 -g -fast -byteswapio -tp k8-64 -mcmodel=medium -Mnolarge_arrays hycom_boxmean.F hycom_endian_io.o parse.o -o hycom_boxmean_Linux64
pgf90: Command not found.
else if ( -f `find ${f}.F -prune -newer ${f}_${OS}` ) then
touch hycom_boxmean
/bin/rm -f hycom_boxmean
chmod a+rx hycom_boxmean_Linux64
chmod: cannot access ‘hycom_boxmean_Linux64’: No such file or directory
/bin/ln -s hycom_boxmean_Linux64 hycom_boxmean
end
if ( ! -e hycom_boxtime_Linux64 ) then
pgf90 -g -fast -byteswapio -tp k8-64 -mcmodel=medium -Mnolarge_arrays hycom_boxtime.F hycom_endian_io.o parse.o -o hycom_boxtime_Linux64
pgf90: Command not found.
else if ( -f `find ${f}.F -prune -newer ${f}_${OS}` ) then
touch hycom_boxtime
/bin/rm -f hycom_boxtime
chmod a+rx hycom_boxtime_Linux64
chmod: cannot access ‘hycom_boxtime_Linux64’: No such file or directory
/bin/ln -s hycom_boxtime_Linux64 hycom_boxtime
end
if ( ! -e hycom_index_sort_Linux64 ) then
pgf90 -g -fast -byteswapio -tp k8-64 -mcmodel=medium -Mnolarge_arrays hycom_index_sort.F hycom_endian_io.o parse.o -o hycom_index_sort_Linux64
pgf90: Command not found.
else if ( -f `find ${f}.F -prune -newer ${f}_${OS}` ) then
touch hycom_index_sort
/bin/rm -f hycom_index_sort
chmod a+rx hycom_index_sort_Linux64
chmod: cannot access ‘hycom_index_sort_Linux64’: No such file or directory
/bin/ln -s hycom_index_sort_Linux64 hycom_index_sort
end
if ( ! -e hycom_mask_ok_Linux64 ) then
pgf90 -g -fast -byteswapio -tp k8-64 -mcmodel=medium -Mnolarge_arrays hycom_mask_ok.F hycom_endian_io.o parse.o -o hycom_mask_ok_Linux64
pgf90: Command not found.
else if ( -f `find ${f}.F -prune -newer ${f}_${OS}` ) then
touch hycom_mask_ok
/bin/rm -f hycom_mask_ok
chmod a+rx hycom_mask_ok_Linux64
chmod: cannot access ‘hycom_mask_ok_Linux64’: No such file or directory
/bin/ln -s hycom_mask_ok_Linux64 hycom_mask_ok
end
if ( ! -e hycom_mass_corr_Linux64 ) then
pgf90 -g -fast -byteswapio -tp k8-64 -mcmodel=medium -Mnolarge_arrays hycom_mass_corr.F hycom_endian_io.o parse.o -o hycom_mass_corr_Linux64
pgf90: Command not found.
else if ( -f `find ${f}.F -prune -newer ${f}_${OS}` ) then
touch hycom_mass_corr
/bin/rm -f hycom_mass_corr
chmod a+rx hycom_mass_corr_Linux64
chmod: cannot access ‘hycom_mass_corr_Linux64’: No such file or directory
/bin/ln -s hycom_mass_corr_Linux64 hycom_mass_corr
end
if ( ! -e hycom_newzi_Linux64 ) then
pgf90 -g -fast -byteswapio -tp k8-64 -mcmodel=medium -Mnolarge_arrays hycom_newzi.F hycom_endian_io.o parse.o -o hycom_newzi_Linux64
pgf90: Command not found.
else if ( -f `find ${f}.F -prune -newer ${f}_${OS}` ) then
touch hycom_newzi
/bin/rm -f hycom_newzi
chmod a+rx hycom_newzi_Linux64
chmod: cannot access ‘hycom_newzi_Linux64’: No such file or directory
/bin/ln -s hycom_newzi_Linux64 hycom_newzi
end
if ( ! -e hycom_quadlsq_Linux64 ) then
pgf90 -g -fast -byteswapio -tp k8-64 -mcmodel=medium -Mnolarge_arrays hycom_quadlsq.F hycom_endian_io.o parse.o -o hycom_quadlsq_Linux64
pgf90: Command not found.
else if ( -f `find ${f}.F -prune -newer ${f}_${OS}` ) then
touch hycom_quadlsq
/bin/rm -f hycom_quadlsq
chmod a+rx hycom_quadlsq_Linux64
chmod: cannot access ‘hycom_quadlsq_Linux64’: No such file or directory
/bin/ln -s hycom_quadlsq_Linux64 hycom_quadlsq
end
if ( ! -e hycom_regression_Linux64 ) then
pgf90 -g -fast -byteswapio -tp k8-64 -mcmodel=medium -Mnolarge_arrays hycom_regression.F hycom_endian_io.o parse.o -o hycom_regression_Linux64
pgf90: Command not found.
else if ( -f `find ${f}.F -prune -newer ${f}_${OS}` ) then
touch hycom_regression
/bin/rm -f hycom_regression
chmod a+rx hycom_regression_Linux64
chmod: cannot access ‘hycom_regression_Linux64’: No such file or directory
/bin/ln -s hycom_regression_Linux64 hycom_regression
end
if ( ! -e hycom_sstice_Linux64 ) then
pgf90 -g -fast -byteswapio -tp k8-64 -mcmodel=medium -Mnolarge_arrays hycom_sstice.F hycom_endian_io.o parse.o -o hycom_sstice_Linux64
pgf90: Command not found.
else if ( -f `find ${f}.F -prune -newer ${f}_${OS}` ) then
touch hycom_sstice
/bin/rm -f hycom_sstice
chmod a+rx hycom_sstice_Linux64
chmod: cannot access ‘hycom_sstice_Linux64’: No such file or directory
/bin/ln -s hycom_sstice_Linux64 hycom_sstice
end
if ( ! -e hycom_botfric_Linux64 ) then
pgf90 -g -fast -byteswapio -tp k8-64 -mcmodel=medium -Mnolarge_arrays hycom_botfric.F hycom_endian_io.o parse.o -o hycom_botfric_Linux64
pgf90: Command not found.
else if ( -f `find ${f}.F -prune -newer ${f}_${OS}` ) then
touch hycom_botfric
/bin/rm -f hycom_botfric
chmod a+rx hycom_botfric_Linux64
chmod: cannot access ‘hycom_botfric_Linux64’: No such file or directory
/bin/ln -s hycom_botfric_Linux64 hycom_botfric
end
if ( ! -e hycom_boxsmooth_Linux64 ) then
pgf90 -g -fast -byteswapio -tp k8-64 -mcmodel=medium -Mnolarge_arrays hycom_boxsmooth.F hycom_endian_io.o parse.o -o hycom_boxsmooth_Linux64
pgf90: Command not found.
else if ( -f `find ${f}.F -prune -newer ${f}_${OS}` ) then
touch hycom_boxsmooth
/bin/rm -f hycom_boxsmooth
chmod a+rx hycom_boxsmooth_Linux64
chmod: cannot access ‘hycom_boxsmooth_Linux64’: No such file or directory
/bin/ln -s hycom_boxsmooth_Linux64 hycom_boxsmooth
end
if ( ! -e hycom_diflat_Linux64 ) then
pgf90 -g -fast -byteswapio -tp k8-64 -mcmodel=medium -Mnolarge_arrays hycom_diflat.F hycom_endian_io.o parse.o -o hycom_diflat_Linux64
pgf90: Command not found.
else if ( -f `find ${f}.F -prune -newer ${f}_${OS}` ) then
touch hycom_diflat
/bin/rm -f hycom_diflat
chmod a+rx hycom_diflat_Linux64
chmod: cannot access ‘hycom_diflat_Linux64’: No such file or directory
/bin/ln -s hycom_diflat_Linux64 hycom_diflat
end
if ( ! -e hycom_merge_Linux64 ) then
pgf90 -g -fast -byteswapio -tp k8-64 -mcmodel=medium -Mnolarge_arrays hycom_merge.F hycom_endian_io.o parse.o -o hycom_merge_Linux64
pgf90: Command not found.
else if ( -f `find ${f}.F -prune -newer ${f}_${OS}` ) then
touch hycom_merge
/bin/rm -f hycom_merge
chmod a+rx hycom_merge_Linux64
chmod: cannot access ‘hycom_merge_Linux64’: No such file or directory
/bin/ln -s hycom_merge_Linux64 hycom_merge
end
if ( ! -e hycom_sample_xy_Linux64 ) then
pgf90 -g -fast -byteswapio -tp k8-64 -mcmodel=medium -Mnolarge_arrays hycom_sample_xy.F hycom_endian_io.o parse.o -o hycom_sample_xy_Linux64
pgf90: Command not found.
else if ( -f `find ${f}.F -prune -newer ${f}_${OS}` ) then
touch hycom_sample_xy
/bin/rm -f hycom_sample_xy
chmod a+rx hycom_sample_xy_Linux64
chmod: cannot access ‘hycom_sample_xy_Linux64’: No such file or directory
/bin/ln -s hycom_sample_xy_Linux64 hycom_sample_xy
end
if ( ! -e hycom_scatter_Linux64 ) then
pgf90 -g -fast -byteswapio -tp k8-64 -mcmodel=medium -Mnolarge_arrays hycom_scatter.F hycom_endian_io.o parse.o -o hycom_scatter_Linux64
pgf90: Command not found.
else if ( -f `find ${f}.F -prune -newer ${f}_${OS}` ) then
touch hycom_scatter
/bin/rm -f hycom_scatter
chmod a+rx hycom_scatter_Linux64
chmod: cannot access ‘hycom_scatter_Linux64’: No such file or directory
/bin/ln -s hycom_scatter_Linux64 hycom_scatter
end
if ( ! -e hycom_tidebody_Linux64 ) then
pgf90 -g -fast -byteswapio -tp k8-64 -mcmodel=medium -Mnolarge_arrays hycom_tidebody.F hycom_endian_io.o parse.o -o hycom_tidebody_Linux64
pgf90: Command not found.
else if ( -f `find ${f}.F -prune -newer ${f}_${OS}` ) then
touch hycom_tidebody
/bin/rm -f hycom_tidebody
chmod a+rx hycom_tidebody_Linux64
chmod: cannot access ‘hycom_tidebody_Linux64’: No such file or directory
/bin/ln -s hycom_tidebody_Linux64 hycom_tidebody
end
if ( ! -e hycom_vmean_Linux64 ) then
pgf90 -g -fast -byteswapio -tp k8-64 -mcmodel=medium -Mnolarge_arrays hycom_vmean.F hycom_endian_io.o parse.o -o hycom_vmean_Linux64
pgf90: Command not found.
else if ( -f `find ${f}.F -prune -newer ${f}_${OS}` ) then
touch hycom_vmean
/bin/rm -f hycom_vmean
chmod a+rx hycom_vmean_Linux64
chmod: cannot access ‘hycom_vmean_Linux64’: No such file or directory
/bin/ln -s hycom_vmean_Linux64 hycom_vmean
end
if ( ! -e hycom_xward_Linux64 ) then
pgf90 -g -fast -byteswapio -tp k8-64 -mcmodel=medium -Mnolarge_arrays hycom_xward.F hycom_endian_io.o parse.o -o hycom_xward_Linux64
pgf90: Command not found.
else if ( -f `find ${f}.F -prune -newer ${f}_${OS}` ) then
touch hycom_xward
/bin/rm -f hycom_xward
chmod a+rx hycom_xward_Linux64
chmod: cannot access ‘hycom_xward_Linux64’: No such file or directory
/bin/ln -s hycom_xward_Linux64 hycom_xward
end
pgf90 -g -fast -byteswapio -tp k8-64 -mcmodel=medium -Mnolarge_arrays -c hycom_profile_lib.F
pgf90: Command not found.
foreach f ( hycom_profile_list )
if ( ! -e hycom_profile_list_Linux64 ) then
pgf90 -g -fast -byteswapio -tp k8-64 -mcmodel=medium -Mnolarge_arrays hycom_profile_list.F hycom_profile_lib.o hycom_endian_io.o parse.o -o hycom_profile_list_Linux64
pgf90: Command not found.
else if ( -f `find ${f}.F -prune -newer ${f}_${OS}` ) then
touch hycom_profile_list
/bin/rm -f hycom_profile_list
chmod a+rx hycom_profile_list_Linux64
chmod: cannot access ‘hycom_profile_list_Linux64’: No such file or directory
/bin/ln -s hycom_profile_list_Linux64 hycom_profile_list
end
