intelIFC
Make worked: hycomarchv
Make worked: micomarchv
Make worked: conv_archv
Make worked: hybgen_archv
Make worked: mrgl_archv
Make worked: ncoda_archv
Make worked: ncoda_archv_inc
Make worked: remap_archv
Make worked: remapi_archv
Make worked: trim_archv
Make worked: archt2archv
Make worked: archv2data2d
Make worked: archm2data2d
Make worked: archv2data2t
Make worked: archv2data3z
Make worked: archm2data3z
Make worked: archv2datasf
Make worked: archv2datasfl
Make worked: archv2datasfz
Make worked: archv2ncombc
Make worked: archv2restart
Make worked: archm2restart
Make worked: field2data
Make worked: restart2archv
