intelIFC
Make worked: malt2h
Make worked: m2h
Make worked: p2h
Make worked: bathy_02min
Make worked: bathy_05min
Make worked: hudson
Make worked: landsea_02min
Make worked: landsea_05min
Make worked: 1d
Make worked: 2d
Make worked: batrop
Make worked: clip
Make worked: diff
Make worked: edit
Make worked: flat
Make worked: grid_360
Make worked: hgram
Make worked: landfill
Make worked: landmask
Make worked: latitude
Make worked: lonlat
Make worked: lonlat_2d
Make worked: lpanam
Make worked: map
Make worked: mapsub
Make worked: mercator
Make worked: merge
Make worked: modify
Make worked: onesea
Make worked: onesea-b
Make worked: onesea_fill
Make worked: panam
Make worked: partit
Make worked: partit_noshrink
Make worked: partit_arctic
Make worked: partit_arctic_ns
Make worked: ppmX
Make worked: ports
Make worked: rotated
Make worked: rough
Make worked: shrink
Make worked: slope
Make worked: smallsea
Make worked: smooth
Make worked: smooth_skip
Make worked: subset
Make worked: tiles
Make worked: zcells
Make worked: zthin
