intelIFC
Make worked: ap
Make worked: diff
Make worked: kp
Make worked: kpc
Make worked: kphfc
Make worked: pzero
Make worked: riv_mon
Make worked: riv_hf
Make worked: time_interp
Make worked: tp
Make worked: wi
Make worked: wi_curl
Make worked: wi_magstress
Make worked: wi_meanfit
Make worked: wc
Make worked: zero
Make worked: aphf_add
Make worked: aphf_climo
Make worked: aphf_diurnal
Make worked: aphf_extend
Make worked: aphf_flcorr
Make worked: aphf_meanfit
Make worked: aphf_monthly
Make worked: aphf_offset
Make worked: aphf_scale
Make worked: aphf_tacorr
Make worked: kphf_table
